<?xml version="1.0" encoding="UTF-8"?>
<testsuite name="| 4234233422 | Please enter valid Mobile Number |" tests="12" skipped="10" failures="2" errors="0" timestamp="2017-10-07T06:20:10" hostname="MYNB244-6074Z72" time="7.968">
  <properties/>
  <testcase name="Given user is on application homepage" classname="| 4234233422 | Please enter valid Mobile Number |" time="0.006">
    <failure message="java.lang.AssertionError: Expected element not found on screen: Here is your new Paytm Payments Bank expected [true] but found [false]" type="java.lang.AssertionError">java.lang.AssertionError: Expected element not found on screen: Here is your new Paytm Payments Bank expected [true] but found [false]
	at org.testng.Assert.fail(Assert.java:93)
	at org.testng.Assert.failNotEquals(Assert.java:512)
	at org.testng.Assert.assertTrue(Assert.java:41)
	at utils.Assertion.checkElementExist(Assertion.java:16)
	at stepDefinitions.SignUp_stepdefs.user_is_on_application_homepage(SignUp_stepdefs.java:30)
	at ✽.Given user is on application homepage(Signup.feature:7)
</failure>
  </testcase>
  <testcase name="When user clicks on login icon" classname="| 4234233422 | Please enter valid Mobile Number |" time="0.0">
    <skipped/>
  </testcase>
  <testcase name="And user wait for few seconds" classname="| 4234233422 | Please enter valid Mobile Number |" time="0.0">
    <skipped/>
  </testcase>
  <testcase name="Then user should see &quot;My Orders&quot;" classname="| 4234233422 | Please enter valid Mobile Number |" time="0.0">
    <skipped/>
  </testcase>
  <testcase name="When user click on create a new account button1" classname="| 4234233422 | Please enter valid Mobile Number |" time="0.0">
    <skipped/>
  </testcase>
  <testcase name="And user wait for few seconds" classname="| 4234233422 | Please enter valid Mobile Number |" time="0.0">
    <skipped/>
  </testcase>
  <testcase name="And user hide keyboard" classname="| 4234233422 | Please enter valid Mobile Number |" time="0.001">
    <skipped/>
  </testcase>
  <testcase name="When user enters mobile number &quot;4234233422&quot;" classname="| 4234233422 | Please enter valid Mobile Number |" time="0.0">
    <skipped/>
  </testcase>
  <testcase name="And user hide keyboard" classname="| 4234233422 | Please enter valid Mobile Number |" time="0.0">
    <skipped/>
  </testcase>
  <testcase name="And user click on create new account button2" classname="| 4234233422 | Please enter valid Mobile Number |" time="0.0">
    <skipped/>
  </testcase>
  <testcase name="Then validation of mobile number should be &quot;Please enter valid Mobile Number&quot;" classname="| 4234233422 | Please enter valid Mobile Number |" time="0.0">
    <skipped/>
  </testcase>
  <testcase name="classMethod" classname="| 4234233422 | Please enter valid Mobile Number |" time="55.772">
    <failure message="java.lang.AssertionError: Expected element not found on screen: Here is your new Paytm Payments Bank expected [true] but found [false]" type="java.lang.AssertionError">java.lang.AssertionError: Expected element not found on screen: Here is your new Paytm Payments Bank expected [true] but found [false]
	at org.testng.Assert.fail(Assert.java:93)
	at org.testng.Assert.failNotEquals(Assert.java:512)
	at org.testng.Assert.assertTrue(Assert.java:41)
	at utils.Assertion.checkElementExist(Assertion.java:16)
	at stepDefinitions.SignUp_stepdefs.user_is_on_application_homepage(SignUp_stepdefs.java:30)
	at ✽.Given user is on application homepage(Signup.feature:7)
</failure>
  </testcase>
  <system-out><![CDATA[[Appium] Welcome to Appium v1.7.1
[Appium] Appium REST http interface listener started on 0.0.0.0:4723
[HTTP] --> GET /wd/hub/status {}
[debug] [MJSONWP] Calling AppiumDriver.getStatus() with args: []
[debug] [MJSONWP] Responding to client with driver.getStatus() result: {"build":{"version":"1.7.1","revision":null}}
[HTTP] <-- GET /wd/hub/status 200 47 ms - 83 
[HTTP] --> GET /wd/hub/status {}
[debug] [MJSONWP] Calling AppiumDriver.getStatus() with args: []
[debug] [MJSONWP] Responding to client with driver.getStatus() result: {"build":{"version":"1.7.1","revision":null}}
[HTTP] <-- GET /wd/hub/status 200 41 ms - 83 
[HTTP] --> POST /wd/hub/session {"desiredCapabilities":{"app":"E:\\Documents\\workspace\\Paytm\\apk\\Paytm-net.one97.paytm-123-v6.0.0.apk","appPackage":"net.one97.paytm","appActivity":"net.one97.paytm.landingpage.activity.AJRMainActivity","noReset":true,"platformVersion":"7.1.1","browserName":"","platformName":"Android","deviceName":"Emulator","fullReset":false},"requiredCapabilities":{},"capabilities":{"desiredCapabilities":{"app":"E:\\Documents\\workspace\\Paytm\\apk\\Paytm-net.one97.paytm-123-v6.0.0.apk","appPackage":"net.one97.paytm","appActivity":"net.one97.paytm.landingpage.activity.AJRMainActivity","noReset":true,"platformVersion":"7.1.1","browserName":"","platformName":"Android","deviceName":"Emulator","fullReset":false},"requiredCapabilities":{},"alwaysMatch":{"browserName":"","platformName":"Android"},"firstMatch":[]}}
[debug] [MJSONWP] Calling AppiumDriver.createSession() with args: [{"app":"E:\\Documents\\workspace\\Paytm\\apk\\Paytm-net.one97.paytm-123-v6.0.0.apk","appPackage":"net.one97.paytm","appActivity":"net.one97.paytm.landingpage.activity.AJRMainActivity","noReset":true,"platformVersion":"7.1.1","browserName":"","platformName":"Android","deviceName":"Emulator","fullReset":false},{},{"desiredCapabilities":{"app":"E:\\Documents\\workspace\\Paytm\\apk\\Paytm-net.one97.paytm-123-v6.0.0.apk","appPackage":"net.one97.paytm","appActivity":"net.one97.paytm.landingpage.activity.AJRMainActivity","noReset":true,"platformVersion":"7.1.1","browserName":"","platformName":"Android","deviceName":"Emulator","fullReset":false},"requiredCapabilities":{},"alwaysMatch":{"browserName":"","platformName":"Android"},"firstMatch":[]}]
[debug] [BaseDriver] Event 'newSessionRequested' logged at 1507357169412 (14:19:29 GMT+0800 (Malay Peninsula Standard Time))
[Appium] Creating new AndroidDriver (v1.28.1) session
[Appium] Capabilities:
[Appium]   app: 'E:\\Documents\\workspace\\Paytm\\apk\\Paytm-net.one97.paytm-123-v6.0.0.apk'
[Appium]   appPackage: 'net.one97.paytm'
[Appium]   appActivity: 'net.one97.paytm.landingpage.activity.AJRMainActivity'
[Appium]   noReset: true
[Appium]   platformVersion: '7.1.1'
[Appium]   browserName: ''
[Appium]   platformName: 'Android'
[Appium]   deviceName: 'Emulator'
[Appium]   fullReset: false
[BaseDriver] Session created with session id: 37687d48-e8cc-4b39-85ac-b1c41d24e4c9
[debug] [AndroidDriver] Getting Java version
[AndroidDriver] Java version is: 1.8.0_144
[ADB] Checking whether adb is present
[ADB] Using adb.exe from E:\Android\android-sdk-windows\platform-tools\adb.exe
[AndroidDriver] Retrieving device list
[debug] [ADB] Trying to find a connected android device
[debug] [ADB] Getting connected devices...
[debug] [ADB] 1 device(s) connected
[AndroidDriver] Looking for a device with Android '7.1.1'
[debug] [ADB] Setting device id to emulator-5554
[ADB] Getting device platform version
[debug] [ADB] Getting connected devices...
[debug] [ADB] 1 device(s) connected
[debug] [ADB] Running 'E:\Android\android-sdk-windows\platform-tools\adb.exe' with args: ["-P",5037,"-s","emulator-5554","shell","getprop","ro.build.version.release"]
[debug] [ADB] Current device property 'ro.build.version.release': 7.1.1
[AndroidDriver] Using device: emulator-5554
[ADB] Checking whether adb is present
[ADB] Using adb.exe from E:\Android\android-sdk-windows\platform-tools\adb.exe
[debug] [ADB] Setting device id to emulator-5554
[BaseDriver] Using local app 'E:\Documents\workspace\Paytm\apk\Paytm-net.one97.paytm-123-v6.0.0.apk'
[debug] [AndroidDriver] Checking whether app is actually present
[AndroidDriver] Starting Android session
[debug] [ADB] Running 'E:\Android\android-sdk-windows\platform-tools\adb.exe' with args: ["-P",5037,"-s","emulator-5554","wait-for-device"]
[debug] [ADB] Getting connected devices...
[debug] [ADB] 1 device(s) connected
[debug] [ADB] Running 'E:\Android\android-sdk-windows\platform-tools\adb.exe' with args: ["-P",5037,"-s","emulator-5554","shell","echo","ping"]
[debug] [Logcat] Starting logcat capture
[debug] [AndroidDriver] Pushing settings apk to device...
[debug] [ADB] Uninstalling and re-installing 'io.appium.settings'
[debug] [ADB] Uninstalling io.appium.settings
[debug] [ADB] Getting install status for io.appium.settings
[debug] [ADB] Getting connected devices...
[debug] [ADB] 1 device(s) connected
[debug] [ADB] Running 'E:\Android\android-sdk-windows\platform-tools\adb.exe' with args: ["-P",5037,"-s","emulator-5554","shell","pm","list","packages","io.appium.settings"]
[debug] [ADB] App is installed
[debug] [ADB] Getting connected devices...
[debug] [ADB] 1 device(s) connected
[debug] [ADB] Running 'E:\Android\android-sdk-windows\platform-tools\adb.exe' with args: ["-P",5037,"-s","emulator-5554","shell","am","force-stop","io.appium.settings"]
[debug] [ADB] Running 'E:\Android\android-sdk-windows\platform-tools\adb.exe' with args: ["-P",5037,"-s","emulator-5554","uninstall","io.appium.settings"]
[debug] [ADB] ADB command output: Success
[ADB] io.appium.settings was successfully uninstalled
[debug] [ADB] Getting install status for io.appium.settings
[debug] [ADB] Getting connected devices...
[debug] [ADB] 1 device(s) connected
[debug] [ADB] Running 'E:\Android\android-sdk-windows\platform-tools\adb.exe' with args: ["-P",5037,"-s","emulator-5554","shell","pm","list","packages","io.appium.settings"]
[debug] [ADB] App is not installed
[debug] [ADB] App 'C:\Users\vinayak\AppData\Roaming\npm\node_modules\appium\node_modules\io.appium.settings\app\build\outputs\apk\settings_apk-debug.apk' not installed. Installing
[debug] [ADB] Running 'E:\Android\android-sdk-windows\platform-tools\adb.exe' with args: ["-P",5037,"-s","emulator-5554","install","C:\\Users\\vinayak\\AppData\\Roaming\\npm\\node_modules\\appium\\node_modules\\io.appium.settings\\app\\build\\outputs\\apk\\settings_apk-debug.apk"]
[debug] [ADB] Getting connected devices...
[debug] [ADB] 1 device(s) connected
[debug] [ADB] Running 'E:\Android\android-sdk-windows\platform-tools\adb.exe' with args: ["-P",5037,"-s","emulator-5554","shell","getprop","ro.build.version.sdk"]
[debug] [ADB] Current device property 'ro.build.version.sdk': 25
[debug] [ADB] Device API level: 25
[debug] [ADB] Getting connected devices...
[debug] [ADB] 1 device(s) connected
[debug] [ADB] Running 'E:\Android\android-sdk-windows\platform-tools\adb.exe' with args: ["-P",5037,"-s","emulator-5554","shell","dumpsys","package","io.appium.settings"]
[debug] [ADB] Getting connected devices...
[debug] [ADB] 1 device(s) connected
[debug] [ADB] Running 'E:\Android\android-sdk-windows\platform-tools\adb.exe' with args: ["-P",5037,"-s","emulator-5554","shell","pm","dump","io.appium.settings"]
[debug] [ADB] Got the following command chunks to execute: pm,grant,io.appium.settings,android.permission.READ_PHONE_STATE,;,pm,grant,io.appium.settings,android.permission.WRITE_SETTINGS,;,pm,grant,io.appium.settings,android.permission.ACCESS_FINE_LOCATION,;,pm,grant,io.appium.settings,android.permission.ACCESS_COARSE_LOCATION,;,pm,grant,io.appium.settings,android.permission.ACCESS_MOCK_LOCATION,;,pm,grant,io.appium.settings,android.permission.SET_ANIMATION_SCALE,;
[debug] [ADB] Getting connected devices...
[debug] [ADB] 1 device(s) connected
[debug] [ADB] Running 'E:\Android\android-sdk-windows\platform-tools\adb.exe' with args: ["-P",5037,"-s","emulator-5554","shell","pm","grant","io.appium.settings","android.permission.READ_PHONE_STATE",";","pm","grant","io.appium.settings","android.permission.WRITE_SETTINGS",";","pm","grant","io.appium.settings","android.permission.ACCESS_FINE_LOCATION",";","pm","grant","io.appium.settings","android.permission.ACCESS_COARSE_LOCATION",";","pm","grant","io.appium.settings","android.permission.ACCESS_MOCK_LOCATION",";","pm","grant","io.appium.settings","android.permission.SET_ANIMATION_SCALE",";"]
[debug] [ADB] Getting connected devices...
[debug] [ADB] 1 device(s) connected
[debug] [ADB] Running 'E:\Android\android-sdk-windows\platform-tools\adb.exe' with args: ["-P",5037,"-s","emulator-5554","shell","ps"]
[debug] [ADB] Device API level: 25
[debug] [ADB] Getting connected devices...
[debug] [ADB] 1 device(s) connected
[debug] [ADB] Running 'E:\Android\android-sdk-windows\platform-tools\adb.exe' with args: ["-P",5037,"-s","emulator-5554","shell","am","start","-W","-n","io.appium.settings/.Settings","-a","android.intent.action.MAIN","-c","android.intent.category.LAUNCHER","-f","0x10200000"]
[debug] [ADB] Device API level: 25
[debug] [ADB] Getting connected devices...
[debug] [ADB] 1 device(s) connected
[debug] [ADB] Running 'E:\Android\android-sdk-windows\platform-tools\adb.exe' with args: ["-P",5037,"-s","emulator-5554","shell","appops","set","io.appium.settings","android:mock_location","allow"]
[debug] [AndroidDriver] Pushing unlock helper app to device...
[debug] [ADB] Running 'E:\Android\android-sdk-windows\platform-tools\adb.exe' with args: ["-P",5037,"-s","emulator-5554","install","C:\\Users\\vinayak\\AppData\\Roaming\\npm\\node_modules\\appium\\node_modules\\appium-unlock\\bin\\unlock_apk-debug.apk"]
[debug] [ADB] Running 'E:\Android\android-sdk-windows\platform-tools\adb.exe' with args: ["-P",5037,"-s","emulator-5554","install","C:\\Users\\vinayak\\AppData\\Roaming\\npm\\node_modules\\appium\\node_modules\\appium-unlock\\bin\\unlock_apk-debug.apk"]
[debug] [ADB] Application 'C:\Users\vinayak\AppData\Roaming\npm\node_modules\appium\node_modules\appium-unlock\bin\unlock_apk-debug.apk' already installed. Continuing.
[ADB] Getting device platform version
[debug] [ADB] Getting connected devices...
[debug] [ADB] 1 device(s) connected
[debug] [ADB] Running 'E:\Android\android-sdk-windows\platform-tools\adb.exe' with args: ["-P",5037,"-s","emulator-5554","shell","getprop","ro.build.version.release"]
[debug] [ADB] Current device property 'ro.build.version.release': 7.1.1
[debug] [ADB] Getting connected devices...
[debug] [ADB] 1 device(s) connected
[debug] [ADB] Running 'E:\Android\android-sdk-windows\platform-tools\adb.exe' with args: ["-P",5037,"-s","emulator-5554","shell","wm","size"]
[debug] [ADB] Getting connected devices...
[debug] [ADB] 1 device(s) connected
[debug] [ADB] Running 'E:\Android\android-sdk-windows\platform-tools\adb.exe' with args: ["-P",5037,"-s","emulator-5554","shell","getprop","ro.product.model"]
[debug] [ADB] Current device property 'ro.product.model': Android SDK built for x86
[debug] [ADB] Getting connected devices...
[debug] [ADB] 1 device(s) connected
[debug] [ADB] Running 'E:\Android\android-sdk-windows\platform-tools\adb.exe' with args: ["-P",5037,"-s","emulator-5554","shell","getprop","ro.product.manufacturer"]
[debug] [ADB] Current device property 'ro.product.manufacturer': unknown
[AndroidDriver] Remote apk path is /data/local/tmp/336c5c171fb15925aa6266acba19e015.apk
[debug] [ADB] Getting connected devices...
[debug] [ADB] 1 device(s) connected
[debug] [ADB] Running 'E:\Android\android-sdk-windows\platform-tools\adb.exe' with args: ["-P",5037,"-s","emulator-5554","shell","ls","/data/local/tmp/336c5c171fb15925aa6266acba19e015.apk"]
[debug] [AndroidDriver] Checking if app is installed
[debug] [ADB] Getting install status for net.one97.paytm
[debug] [ADB] Getting connected devices...
[debug] [ADB] 1 device(s) connected
[debug] [ADB] Running 'E:\Android\android-sdk-windows\platform-tools\adb.exe' with args: ["-P",5037,"-s","emulator-5554","shell","pm","list","packages","net.one97.paytm"]
[debug] [ADB] App is installed
[debug] [AndroidDriver] Extracting strings from apk E:\Documents\workspace\Paytm\apk\Paytm-net.one97.paytm-123-v6.0.0.apk null C:\Users\vinayak\AppData\Local\Temp\net.one97.paytm
[debug] [ADB] Extracting strings for language: default
[debug] [ADB] Device API level: 25
[debug] [ADB] Getting connected devices...
[debug] [ADB] 1 device(s) connected
[debug] [ADB] Running 'E:\Android\android-sdk-windows\platform-tools\adb.exe' with args: ["-P",5037,"-s","emulator-5554","shell","getprop","persist.sys.locale"]
[debug] [ADB] Current device property 'persist.sys.locale': 
[debug] [ADB] Getting connected devices...
[debug] [ADB] 1 device(s) connected
[debug] [ADB] Running 'E:\Android\android-sdk-windows\platform-tools\adb.exe' with args: ["-P",5037,"-s","emulator-5554","shell","getprop","ro.product.locale"]
[debug] [ADB] Current device property 'ro.product.locale': en-US
[debug] [ADB] No strings.xml for language 'en', getting default strings.xml
[debug] [ADB] Reading strings from converted strings.json
[debug] [ADB] Running 'E:\Android\android-sdk-windows\platform-tools\adb.exe' with args: ["-P",5037,"-s","emulator-5554","push","C:\\Users\\vinayak\\AppData\\Local\\Temp\\net.one97.paytm\\strings.json","/data/local/tmp"]
[debug] [AndroidBootstrap] Watching for bootstrap disconnect
[debug] [ADB] Forwarding system: 4724 to device: 4724
[debug] [ADB] Running 'E:\Android\android-sdk-windows\platform-tools\adb.exe' with args: ["-P",5037,"-s","emulator-5554","forward","tcp:4724","tcp:4724"]
[debug] [UiAutomator] Starting UiAutomator
[debug] [UiAutomator] Moving to state 'starting'
[debug] [UiAutomator] Parsing uiautomator jar
[debug] [UiAutomator] Found jar name: 'AppiumBootstrap.jar'
[debug] [ADB] Running 'E:\Android\android-sdk-windows\platform-tools\adb.exe' with args: ["-P",5037,"-s","emulator-5554","push","C:\\Users\\vinayak\\AppData\\Roaming\\npm\\node_modules\\appium\\node_modules\\appium-android-bootstrap\\bootstrap\\bin\\AppiumBootstrap.jar","/data/local/tmp/"]
[debug] [ADB] Attempting to kill all uiautomator processes
[debug] [ADB] Getting all processes with uiautomator
[debug] [ADB] Getting connected devices...
[debug] [ADB] 1 device(s) connected
[debug] [ADB] Running 'E:\Android\android-sdk-windows\platform-tools\adb.exe' with args: ["-P",5037,"-s","emulator-5554","shell","ps"]
[ADB] No uiautomator process found to kill, continuing...
[debug] [UiAutomator] Starting UIAutomator
[debug] [ADB] Creating ADB subprocess with args: ["-P",5037,"-s","emulator-5554","shell","uiautomator","runtest","AppiumBootstrap.jar","-c","io.appium.android.bootstrap.Bootstrap","-e","pkg","net.one97.paytm","-e","disableAndroidWatchers",false,"-e","acceptSslCerts",false]
[debug] [UiAutomator] Moving to state 'online'
[AndroidBootstrap] Android bootstrap socket is now connected
[debug] [ADB] Getting connected devices...
[debug] [ADB] 1 device(s) connected
[debug] [ADB] Running 'E:\Android\android-sdk-windows\platform-tools\adb.exe' with args: ["-P",5037,"-s","emulator-5554","shell","dumpsys","window"]
[debug] [AndroidBootstrap] [BOOTSTRAP LOG] [debug] json loading complete.
[debug] [AndroidBootstrap] [BOOTSTRAP LOG] [debug] Registered crash watchers.
[debug] [AndroidBootstrap] [BOOTSTRAP LOG] [debug] Client connected
[AndroidDriver] Screen already unlocked, doing nothing
[debug] [ADB] Device API level: 25
[debug] [ADB] Getting connected devices...
[debug] [ADB] 1 device(s) connected
[debug] [ADB] Running 'E:\Android\android-sdk-windows\platform-tools\adb.exe' with args: ["-P",5037,"-s","emulator-5554","shell","am","start","-W","-n","net.one97.paytm/net.one97.paytm.landingpage.activity.AJRMainActivity","-S","-a","android.intent.action.MAIN","-c","android.intent.category.LAUNCHER","-f","0x10200000"]
[Appium] New AndroidDriver session created successfully, session 37687d48-e8cc-4b39-85ac-b1c41d24e4c9 added to master session list
[debug] [BaseDriver] Event 'newSessionStarted' logged at 1507357196768 (14:19:56 GMT+0800 (Malay Peninsula Standard Time))
[debug] [MJSONWP] Responding to client with driver.createSession() result: {"platform":"LINUX","webStorageEnabled":false,"takesScreenshot":true,"javascriptEnabled":true,"databaseEnabled":false,"networkConnectionEnabled":true,"locationContextEnabled":false,"warnings":{},"desired":{"app":"E:\\Documents\\workspace\\Paytm\\apk\\Paytm-net.one97.paytm-123-v6.0.0.apk","appPackage":"net.one97.paytm","appActivity":"net.one97.paytm.landingpage.activity.AJRMainActivity","noReset":true,"platformVersion":"7.1.1","browserName":"","platformName":"Android","deviceName":"Emulator","fullReset":false},"app":"E:\\Documents\\workspace\\Paytm\\apk\\Paytm-net.one97.paytm-123-v6.0.0.apk","appPackage":"net.one97.paytm","appActivity":"net.one97.paytm.landingpage.activity.AJRMainActivity","noReset":true,"platformVersion":"7.1.1","browserName":"","platformName":"Android","deviceName":"emulator-5554","fullReset":false,"deviceUDID":"emulator-5554","deviceScreenSize":"1440x2560","deviceModel":"Android SDK built for x86","deviceManufacturer":"unknown"}
[HTTP] <-- POST /wd/hub/session 200 27355 ms - 1033 
[HTTP] --> GET /wd/hub/session/37687d48-e8cc-4b39-85ac-b1c41d24e4c9 {}
[debug] [MJSONWP] Calling AppiumDriver.getSession() with args: ["37687d48-e8cc-4b39-85ac-b1c41d24e4c9"]
[debug] [MJSONWP] Responding to client with driver.getSession() result: {"platform":"LINUX","webStorageEnabled":false,"takesScreenshot":true,"javascriptEnabled":true,"databaseEnabled":false,"networkConnectionEnabled":true,"locationContextEnabled":false,"warnings":{},"desired":{"app":"E:\\Documents\\workspace\\Paytm\\apk\\Paytm-net.one97.paytm-123-v6.0.0.apk","appPackage":"net.one97.paytm","appActivity":"net.one97.paytm.landingpage.activity.AJRMainActivity","noReset":true,"platformVersion":"7.1.1","browserName":"","platformName":"Android","deviceName":"Emulator","fullReset":false},"app":"E:\\Documents\\workspace\\Paytm\\apk\\Paytm-net.one97.paytm-123-v6.0.0.apk","appPackage":"net.one97.paytm","appActivity":"net.one97.paytm.landingpage.activity.AJRMainActivity","noReset":true,"platformVersion":"7.1.1","browserName":"","platformName":"Android","deviceName":"emulator-5554","fullReset":false,"deviceUDID":"emulator-5554","deviceScreenSize":"1440x2560","deviceModel":"Android SDK built for x86","deviceManufacturer":"unknown"}
[HTTP] <-- GET /wd/hub/session/37687d48-e8cc-4b39-85ac-b1c41d24e4c9 200 3 ms - 1033 
[HTTP] --> GET /wd/hub/session/37687d48-e8cc-4b39-85ac-b1c41d24e4c9 {}
[debug] [MJSONWP] Calling AppiumDriver.getSession() with args: ["37687d48-e8cc-4b39-85ac-b1c41d24e4c9"]
[debug] [MJSONWP] Responding to client with driver.getSession() result: {"platform":"LINUX","webStorageEnabled":false,"takesScreenshot":true,"javascriptEnabled":true,"databaseEnabled":false,"networkConnectionEnabled":true,"locationContextEnabled":false,"warnings":{},"desired":{"app":"E:\\Documents\\workspace\\Paytm\\apk\\Paytm-net.one97.paytm-123-v6.0.0.apk","appPackage":"net.one97.paytm","appActivity":"net.one97.paytm.landingpage.activity.AJRMainActivity","noReset":true,"platformVersion":"7.1.1","browserName":"","platformName":"Android","deviceName":"Emulator","fullReset":false},"app":"E:\\Documents\\workspace\\Paytm\\apk\\Paytm-net.one97.paytm-123-v6.0.0.apk","appPackage":"net.one97.paytm","appActivity":"net.one97.paytm.landingpage.activity.AJRMainActivity","noReset":true,"platformVersion":"7.1.1","browserName":"","platformName":"Android","deviceName":"emulator-5554","fullReset":false,"deviceUDID":"emulator-5554","deviceScreenSize":"1440x2560","deviceModel":"Android SDK built for x86","deviceManufacturer":"unknown"}
[HTTP] <-- GET /wd/hub/session/37687d48-e8cc-4b39-85ac-b1c41d24e4c9 200 1 ms - 1033 
[HTTP] --> POST /wd/hub/session/37687d48-e8cc-4b39-85ac-b1c41d24e4c9/timeouts {"type":"implicit","ms":10000}
[debug] [MJSONWP] Calling AppiumDriver.timeouts() with args: ["implicit",10000,"37687d48-e8cc-4b39-85ac-b1c41d24e4c9"]
[debug] [BaseDriver] Set implicit wait to 10000ms
[debug] [MJSONWP] Responding to client with driver.timeouts() result: null
[HTTP] <-- POST /wd/hub/session/37687d48-e8cc-4b39-85ac-b1c41d24e4c9/timeouts 200 2 ms - 76 
[HTTP] --> POST /wd/hub/session/37687d48-e8cc-4b39-85ac-b1c41d24e4c9/elements {"using":"xpath","value":"//*[@text='Here is your new Paytm Payments Bank']"}
[debug] [MJSONWP] Calling AppiumDriver.findElements() with args: ["xpath","//*[@text='Here is your new Paytm Payments Bank']","37687d48-e8cc-4b39-85ac-b1c41d24e4c9"]
[debug] [BaseDriver] Valid locator strategies for this request: xpath, id, class name, accessibility id, -android uiautomator
[debug] [BaseDriver] Valid locator strategies for this request: xpath, id, class name, accessibility id, -android uiautomator
[debug] [BaseDriver] Waiting up to 10000 ms for condition
[debug] [AndroidBootstrap] Sending command to android: {"cmd":"action","action":"find","params":{"strategy":"xpath","selector":"//*[@text='Here is your new Paytm Payments Bank']","context":"","multiple":true}}
[debug] [AndroidBootstrap] [BOOTSTRAP LOG] [debug] Got data from client: {"cmd":"action","action":"find","params":{"strategy":"xpath","selector":"//*[@text='Here is your new Paytm Payments Bank']","context":"","multiple":true}}
[debug] [AndroidBootstrap] [BOOTSTRAP LOG] [debug] Got command of type ACTION
[debug] [AndroidBootstrap] [BOOTSTRAP LOG] [debug] Got command action: find
[debug] [AndroidBootstrap] [BOOTSTRAP LOG] [debug] Finding '//*[@text='Here is your new Paytm Payments Bank']' using 'XPATH' with the contextId: '' multiple: true
[debug] [AndroidBootstrap] [BOOTSTRAP LOG] [debug] Failed to locate element. Clearing Accessibility cache and retrying.
[debug] [AndroidBootstrap] [BOOTSTRAP LOG] [debug] Finding '//*[@text='Here is your new Paytm Payments Bank']' using 'XPATH' with the contextId: '' multiple: true
[debug] [AndroidBootstrap] [BOOTSTRAP LOG] [debug] Returning result: {"status":0,"value":[]}
[debug] [AndroidBootstrap] Received command result from bootstrap
[debug] [MJSONWP] Responding to client with driver.findElements() result: []
[HTTP] <-- POST /wd/hub/session/37687d48-e8cc-4b39-85ac-b1c41d24e4c9/elements 200 12695 ms - 74 
]]></system-out>
  <system-err><![CDATA[Oct 07, 2017 2:19:56 PM org.openqa.selenium.remote.ProtocolHandshake createSession
INFO: Detected dialect: OSS
]]></system-err>
</testsuite>
