<!DOCTYPE html>
<html>
<head>
<meta http-equiv="Content-Type" content="text/html; charset=utf-8"/>
<meta http-equiv="x-ua-compatible" content="IE=edge"/>
<title>Test results - Class | abcde | Such common passwords are not allowed. |</title>
<link href="../css/base-style.css" rel="stylesheet" type="text/css"/>
<link href="../css/style.css" rel="stylesheet" type="text/css"/>
<script src="../js/report.js" type="text/javascript"></script>
</head>
<body>
<div id="content">
<h1>Class | abcde | Such common passwords are not allowed. |</h1>
<div class="breadcrumbs">
<a href="../index.html">all</a> &gt; 
<a href="../packages/| abcde | Such common passwords are not allowed.html">| abcde | Such common passwords are not allowed</a> &gt;  |</div>
<div id="summary">
<table>
<tr>
<td>
<div class="summaryGroup">
<table>
<tr>
<td>
<div class="infoBox" id="tests">
<div class="counter">15</div>
<p>tests</p>
</div>
</td>
<td>
<div class="infoBox" id="failures">
<div class="counter">2</div>
<p>failures</p>
</div>
</td>
<td>
<div class="infoBox" id="ignored">
<div class="counter">1</div>
<p>ignored</p>
</div>
</td>
<td>
<div class="infoBox" id="duration">
<div class="counter">1m12.95s</div>
<p>duration</p>
</div>
</td>
</tr>
</table>
</div>
</td>
<td>
<div class="infoBox failures" id="successRate">
<div class="percent">85%</div>
<p>successful</p>
</div>
</td>
</tr>
</table>
</div>
<div id="tabs">
<ul class="tabLinks">
<li>
<a href="#tab0">Failed tests</a>
</li>
<li>
<a href="#tab1">Tests</a>
</li>
<li>
<a href="#tab2">Standard output</a>
</li>
<li>
<a href="#tab3">Standard error</a>
</li>
</ul>
<div id="tab0" class="tab">
<h2>Failed tests</h2>
<div class="test">
<a name="Then The validation message should be &quot;Such common passwords are not allowed.&quot;"></a>
<h3 class="failures">Then The validation message should be &quot;Such common passwords are not allowed.&quot;</h3>
<span class="code">
<pre>org.openqa.selenium.NoSuchElementException: Can't locate an element by this strategy: Locator map: 
- native content: &quot;By.chained({By.id: net.one97.paytm:id/w_custom_dialog_message})&quot; 
- html content: &quot;by id or name &quot;custom_dialog_validation&quot;&quot;
	at io.appium.java_client.pagefactory.AppiumElementLocator.findElement(AppiumElementLocator.java:119)
	at io.appium.java_client.pagefactory.interceptors.InterceptorOfASingleElement.intercept(InterceptorOfASingleElement.java:61)
	at io.appium.java_client.android.AndroidElement$$EnhancerByCGLIB$$c0b591f0.getText(&lt;generated&gt;)
	at pageObjects.Signup_pageobjects.checkCustomDialogBoxValidation(Signup_pageobjects.java:101)
	at stepDefinitions.SignUp_stepdefs.should_show_validation(SignUp_stepdefs.java:71)
	at ✽.Then The validation message should be &quot;Such common passwords are not allowed.&quot;(Signup.feature:42)
Caused by: org.openqa.selenium.TimeoutException: Expected condition failed: waiting for io.appium.java_client.pagefactory.AppiumElementLocator$WaitingFunction@2b786275 (tried for 1 second(s) with 500 MILLISECONDS interval)
	at org.openqa.selenium.support.ui.FluentWait.timeoutException(FluentWait.java:264)
	at org.openqa.selenium.support.ui.FluentWait.until(FluentWait.java:232)
	at io.appium.java_client.pagefactory.AppiumElementLocator.waitFor(AppiumElementLocator.java:91)
	at io.appium.java_client.pagefactory.AppiumElementLocator.findElement(AppiumElementLocator.java:112)
	at io.appium.java_client.pagefactory.interceptors.InterceptorOfASingleElement.intercept(InterceptorOfASingleElement.java:61)
	at io.appium.java_client.android.AndroidElement$$EnhancerByCGLIB$$c0b591f0.getText(&lt;generated&gt;)
	at pageObjects.Signup_pageobjects.checkCustomDialogBoxValidation(Signup_pageobjects.java:101)
	at stepDefinitions.SignUp_stepdefs.should_show_validation(SignUp_stepdefs.java:71)
	at sun.reflect.NativeMethodAccessorImpl.invoke0(Native Method)
	at sun.reflect.NativeMethodAccessorImpl.invoke(NativeMethodAccessorImpl.java:62)
	at sun.reflect.DelegatingMethodAccessorImpl.invoke(DelegatingMethodAccessorImpl.java:43)
	at java.lang.reflect.Method.invoke(Method.java:498)
	at cucumber.runtime.Utils$1.call(Utils.java:40)
	at cucumber.runtime.Timeout.timeout(Timeout.java:16)
	at cucumber.runtime.Utils.invoke(Utils.java:34)
	at cucumber.runtime.java.JavaStepDefinition.execute(JavaStepDefinition.java:38)
	at cucumber.runtime.StepDefinitionMatch.runStep(StepDefinitionMatch.java:37)
	at cucumber.runtime.Runtime.runStep(Runtime.java:300)
	at cucumber.runtime.model.StepContainer.runStep(StepContainer.java:44)
	at cucumber.runtime.model.StepContainer.runSteps(StepContainer.java:39)
	at cucumber.runtime.model.CucumberScenario.run(CucumberScenario.java:44)
	at cucumber.runtime.junit.ExecutionUnitRunner.run(ExecutionUnitRunner.java:102)
	at org.junit.runners.Suite.runChild(Suite.java:128)
	at org.junit.runners.Suite.runChild(Suite.java:27)
	at org.junit.runners.ParentRunner$3.run(ParentRunner.java:290)
	at org.junit.runners.ParentRunner$1.schedule(ParentRunner.java:71)
	at org.junit.runners.ParentRunner.runChildren(ParentRunner.java:288)
	at org.junit.runners.ParentRunner.access$000(ParentRunner.java:58)
	at org.junit.runners.ParentRunner$2.evaluate(ParentRunner.java:268)
	at org.junit.runners.ParentRunner.run(ParentRunner.java:363)
	at cucumber.runtime.junit.ExamplesRunner.run(ExamplesRunner.java:59)
	at org.junit.runners.Suite.runChild(Suite.java:128)
	at org.junit.runners.Suite.runChild(Suite.java:27)
	at org.junit.runners.ParentRunner$3.run(ParentRunner.java:290)
	at org.junit.runners.ParentRunner$1.schedule(ParentRunner.java:71)
	at org.junit.runners.ParentRunner.runChildren(ParentRunner.java:288)
	at org.junit.runners.ParentRunner.access$000(ParentRunner.java:58)
	at org.junit.runners.ParentRunner$2.evaluate(ParentRunner.java:268)
	at org.junit.runners.ParentRunner.run(ParentRunner.java:363)
	at cucumber.runtime.junit.ScenarioOutlineRunner.run(ScenarioOutlineRunner.java:53)
	at cucumber.runtime.junit.FeatureRunner.runChild(FeatureRunner.java:63)
	at cucumber.runtime.junit.FeatureRunner.runChild(FeatureRunner.java:18)
	at org.junit.runners.ParentRunner$3.run(ParentRunner.java:290)
	at org.junit.runners.ParentRunner$1.schedule(ParentRunner.java:71)
	at org.junit.runners.ParentRunner.runChildren(ParentRunner.java:288)
	at org.junit.runners.ParentRunner.access$000(ParentRunner.java:58)
	at org.junit.runners.ParentRunner$2.evaluate(ParentRunner.java:268)
	at org.junit.runners.ParentRunner.run(ParentRunner.java:363)
	at cucumber.runtime.junit.FeatureRunner.run(FeatureRunner.java:70)
	at cucumber.api.junit.Cucumber.runChild(Cucumber.java:95)
	at cucumber.api.junit.Cucumber.runChild(Cucumber.java:38)
	at org.junit.runners.ParentRunner$3.run(ParentRunner.java:290)
	at org.junit.runners.ParentRunner$1.schedule(ParentRunner.java:71)
	at org.junit.runners.ParentRunner.runChildren(ParentRunner.java:288)
	at org.junit.runners.ParentRunner.access$000(ParentRunner.java:58)
	at org.junit.runners.ParentRunner$2.evaluate(ParentRunner.java:268)
	at org.junit.internal.runners.statements.RunBefores.evaluate(RunBefores.java:26)
	at org.junit.runners.ParentRunner.run(ParentRunner.java:363)
	at cucumber.api.junit.Cucumber.run(Cucumber.java:100)
	at org.gradle.api.internal.tasks.testing.junit.JUnitTestClassExecuter.runTestClass(JUnitTestClassExecuter.java:114)
	at org.gradle.api.internal.tasks.testing.junit.JUnitTestClassExecuter.execute(JUnitTestClassExecuter.java:57)
	at org.gradle.api.internal.tasks.testing.junit.JUnitTestClassProcessor.processTestClass(JUnitTestClassProcessor.java:66)
	at org.gradle.api.internal.tasks.testing.SuiteTestClassProcessor.processTestClass(SuiteTestClassProcessor.java:51)
	at sun.reflect.NativeMethodAccessorImpl.invoke0(Native Method)
	at sun.reflect.NativeMethodAccessorImpl.invoke(NativeMethodAccessorImpl.java:62)
	at sun.reflect.DelegatingMethodAccessorImpl.invoke(DelegatingMethodAccessorImpl.java:43)
	at java.lang.reflect.Method.invoke(Method.java:498)
	at org.gradle.internal.dispatch.ReflectionDispatch.dispatch(ReflectionDispatch.java:35)
	at org.gradle.internal.dispatch.ReflectionDispatch.dispatch(ReflectionDispatch.java:24)
	at org.gradle.internal.dispatch.ContextClassLoaderDispatch.dispatch(ContextClassLoaderDispatch.java:32)
	at org.gradle.internal.dispatch.ProxyDispatchAdapter$DispatchingInvocationHandler.invoke(ProxyDispatchAdapter.java:93)
	at com.sun.proxy.$Proxy1.processTestClass(Unknown Source)
	at org.gradle.api.internal.tasks.testing.worker.TestWorker.processTestClass(TestWorker.java:109)
	at sun.reflect.NativeMethodAccessorImpl.invoke0(Native Method)
	at sun.reflect.NativeMethodAccessorImpl.invoke(NativeMethodAccessorImpl.java:62)
	at sun.reflect.DelegatingMethodAccessorImpl.invoke(DelegatingMethodAccessorImpl.java:43)
	at java.lang.reflect.Method.invoke(Method.java:498)
	at org.gradle.internal.dispatch.ReflectionDispatch.dispatch(ReflectionDispatch.java:35)
	at org.gradle.internal.dispatch.ReflectionDispatch.dispatch(ReflectionDispatch.java:24)
	at org.gradle.internal.remote.internal.hub.MessageHubBackedObjectConnection$DispatchWrapper.dispatch(MessageHubBackedObjectConnection.java:146)
	at org.gradle.internal.remote.internal.hub.MessageHubBackedObjectConnection$DispatchWrapper.dispatch(MessageHubBackedObjectConnection.java:128)
	at org.gradle.internal.remote.internal.hub.MessageHub$Handler.run(MessageHub.java:404)
	at org.gradle.internal.concurrent.ExecutorPolicy$CatchAndRecordFailures.onExecute(ExecutorPolicy.java:63)
	at org.gradle.internal.concurrent.ManagedExecutorImpl$1.run(ManagedExecutorImpl.java:46)
	at java.util.concurrent.ThreadPoolExecutor.runWorker(ThreadPoolExecutor.java:1142)
	at java.util.concurrent.ThreadPoolExecutor$Worker.run(ThreadPoolExecutor.java:617)
	at org.gradle.internal.concurrent.ThreadFactoryImpl$ManagedThreadRunnable.run(ThreadFactoryImpl.java:55)
	at java.lang.Thread.run(Thread.java:745)
Caused by: org.openqa.selenium.NoSuchElementException: Cannot locate an element using By.chained({By.id: net.one97.paytm:id/w_custom_dialog_message})
For documentation on this error, please visit: http://seleniumhq.org/exceptions/no_such_element.html
Build info: version: '3.5.3', revision: 'a88d25fe6b', time: '2017-08-29T12:42:44.417Z'
System info: host: 'MYNB244-6074Z72', ip: '169.254.30.55', os.name: 'Windows 7', os.arch: 'amd64', os.version: '6.1', java.version: '1.8.0_74'
Driver info: driver.version: AndroidDriver
	at io.appium.java_client.pagefactory.bys.builder.ByChained.findElement(ByChained.java:72)
	at org.openqa.selenium.remote.RemoteWebDriver.findElement(RemoteWebDriver.java:408)
	at io.appium.java_client.DefaultGenericMobileDriver.findElement(DefaultGenericMobileDriver.java:58)
	at io.appium.java_client.AppiumDriver.findElement(AppiumDriver.java:1)
	at io.appium.java_client.android.AndroidDriver.findElement(AndroidDriver.java:1)
	at io.appium.java_client.pagefactory.bys.ContentMappedBy.findElement(ContentMappedBy.java:36)
	at org.openqa.selenium.remote.RemoteWebDriver.findElement(RemoteWebDriver.java:408)
	at io.appium.java_client.DefaultGenericMobileDriver.findElement(DefaultGenericMobileDriver.java:58)
	at io.appium.java_client.AppiumDriver.findElement(AppiumDriver.java:1)
	at io.appium.java_client.android.AndroidDriver.findElement(AndroidDriver.java:1)
	at io.appium.java_client.pagefactory.AppiumElementLocator.lambda$0(AppiumElementLocator.java:113)
	at io.appium.java_client.pagefactory.AppiumElementLocator$WaitingFunction.apply(AppiumElementLocator.java:167)
	at io.appium.java_client.pagefactory.AppiumElementLocator$WaitingFunction.apply(AppiumElementLocator.java:1)
	at org.openqa.selenium.support.ui.FluentWait.until(FluentWait.java:209)
	... 86 more
</pre>
</span>
</div>
<div class="test">
<a name="classMethod"></a>
<h3 class="failures">classMethod</h3>
<span class="code">
<pre>org.openqa.selenium.NoSuchElementException: Can't locate an element by this strategy: Locator map: 
- native content: &quot;By.chained({By.id: net.one97.paytm:id/w_custom_dialog_message})&quot; 
- html content: &quot;by id or name &quot;custom_dialog_validation&quot;&quot;
	at io.appium.java_client.pagefactory.AppiumElementLocator.findElement(AppiumElementLocator.java:119)
	at io.appium.java_client.pagefactory.interceptors.InterceptorOfASingleElement.intercept(InterceptorOfASingleElement.java:61)
	at io.appium.java_client.android.AndroidElement$$EnhancerByCGLIB$$c0b591f0.getText(&lt;generated&gt;)
	at pageObjects.Signup_pageobjects.checkCustomDialogBoxValidation(Signup_pageobjects.java:101)
	at stepDefinitions.SignUp_stepdefs.should_show_validation(SignUp_stepdefs.java:71)
	at ✽.Then The validation message should be &quot;Such common passwords are not allowed.&quot;(Signup.feature:42)
Caused by: org.openqa.selenium.TimeoutException: Expected condition failed: waiting for io.appium.java_client.pagefactory.AppiumElementLocator$WaitingFunction@2b786275 (tried for 1 second(s) with 500 MILLISECONDS interval)
	at org.openqa.selenium.support.ui.FluentWait.timeoutException(FluentWait.java:264)
	at org.openqa.selenium.support.ui.FluentWait.until(FluentWait.java:232)
	at io.appium.java_client.pagefactory.AppiumElementLocator.waitFor(AppiumElementLocator.java:91)
	at io.appium.java_client.pagefactory.AppiumElementLocator.findElement(AppiumElementLocator.java:112)
	at io.appium.java_client.pagefactory.interceptors.InterceptorOfASingleElement.intercept(InterceptorOfASingleElement.java:61)
	at io.appium.java_client.android.AndroidElement$$EnhancerByCGLIB$$c0b591f0.getText(&lt;generated&gt;)
	at pageObjects.Signup_pageobjects.checkCustomDialogBoxValidation(Signup_pageobjects.java:101)
	at stepDefinitions.SignUp_stepdefs.should_show_validation(SignUp_stepdefs.java:71)
	at sun.reflect.NativeMethodAccessorImpl.invoke0(Native Method)
	at sun.reflect.NativeMethodAccessorImpl.invoke(NativeMethodAccessorImpl.java:62)
	at sun.reflect.DelegatingMethodAccessorImpl.invoke(DelegatingMethodAccessorImpl.java:43)
	at java.lang.reflect.Method.invoke(Method.java:498)
	at cucumber.runtime.Utils$1.call(Utils.java:40)
	at cucumber.runtime.Timeout.timeout(Timeout.java:16)
	at cucumber.runtime.Utils.invoke(Utils.java:34)
	at cucumber.runtime.java.JavaStepDefinition.execute(JavaStepDefinition.java:38)
	at cucumber.runtime.StepDefinitionMatch.runStep(StepDefinitionMatch.java:37)
	at cucumber.runtime.Runtime.runStep(Runtime.java:300)
	at cucumber.runtime.model.StepContainer.runStep(StepContainer.java:44)
	at cucumber.runtime.model.StepContainer.runSteps(StepContainer.java:39)
	at cucumber.runtime.model.CucumberScenario.run(CucumberScenario.java:44)
	at cucumber.runtime.junit.ExecutionUnitRunner.run(ExecutionUnitRunner.java:102)
	at org.junit.runners.Suite.runChild(Suite.java:128)
	at org.junit.runners.Suite.runChild(Suite.java:27)
	at org.junit.runners.ParentRunner$3.run(ParentRunner.java:290)
	at org.junit.runners.ParentRunner$1.schedule(ParentRunner.java:71)
	at org.junit.runners.ParentRunner.runChildren(ParentRunner.java:288)
	at org.junit.runners.ParentRunner.access$000(ParentRunner.java:58)
	at org.junit.runners.ParentRunner$2.evaluate(ParentRunner.java:268)
	at org.junit.runners.ParentRunner.run(ParentRunner.java:363)
	at cucumber.runtime.junit.ExamplesRunner.run(ExamplesRunner.java:59)
	at org.junit.runners.Suite.runChild(Suite.java:128)
	at org.junit.runners.Suite.runChild(Suite.java:27)
	at org.junit.runners.ParentRunner$3.run(ParentRunner.java:290)
	at org.junit.runners.ParentRunner$1.schedule(ParentRunner.java:71)
	at org.junit.runners.ParentRunner.runChildren(ParentRunner.java:288)
	at org.junit.runners.ParentRunner.access$000(ParentRunner.java:58)
	at org.junit.runners.ParentRunner$2.evaluate(ParentRunner.java:268)
	at org.junit.runners.ParentRunner.run(ParentRunner.java:363)
	at cucumber.runtime.junit.ScenarioOutlineRunner.run(ScenarioOutlineRunner.java:53)
	at cucumber.runtime.junit.FeatureRunner.runChild(FeatureRunner.java:63)
	at cucumber.runtime.junit.FeatureRunner.runChild(FeatureRunner.java:18)
	at org.junit.runners.ParentRunner$3.run(ParentRunner.java:290)
	at org.junit.runners.ParentRunner$1.schedule(ParentRunner.java:71)
	at org.junit.runners.ParentRunner.runChildren(ParentRunner.java:288)
	at org.junit.runners.ParentRunner.access$000(ParentRunner.java:58)
	at org.junit.runners.ParentRunner$2.evaluate(ParentRunner.java:268)
	at org.junit.runners.ParentRunner.run(ParentRunner.java:363)
	at cucumber.runtime.junit.FeatureRunner.run(FeatureRunner.java:70)
	at cucumber.api.junit.Cucumber.runChild(Cucumber.java:95)
	at cucumber.api.junit.Cucumber.runChild(Cucumber.java:38)
	at org.junit.runners.ParentRunner$3.run(ParentRunner.java:290)
	at org.junit.runners.ParentRunner$1.schedule(ParentRunner.java:71)
	at org.junit.runners.ParentRunner.runChildren(ParentRunner.java:288)
	at org.junit.runners.ParentRunner.access$000(ParentRunner.java:58)
	at org.junit.runners.ParentRunner$2.evaluate(ParentRunner.java:268)
	at org.junit.internal.runners.statements.RunBefores.evaluate(RunBefores.java:26)
	at org.junit.runners.ParentRunner.run(ParentRunner.java:363)
	at cucumber.api.junit.Cucumber.run(Cucumber.java:100)
	at org.gradle.api.internal.tasks.testing.junit.JUnitTestClassExecuter.runTestClass(JUnitTestClassExecuter.java:114)
	at org.gradle.api.internal.tasks.testing.junit.JUnitTestClassExecuter.execute(JUnitTestClassExecuter.java:57)
	at org.gradle.api.internal.tasks.testing.junit.JUnitTestClassProcessor.processTestClass(JUnitTestClassProcessor.java:66)
	at org.gradle.api.internal.tasks.testing.SuiteTestClassProcessor.processTestClass(SuiteTestClassProcessor.java:51)
	at sun.reflect.NativeMethodAccessorImpl.invoke0(Native Method)
	at sun.reflect.NativeMethodAccessorImpl.invoke(NativeMethodAccessorImpl.java:62)
	at sun.reflect.DelegatingMethodAccessorImpl.invoke(DelegatingMethodAccessorImpl.java:43)
	at java.lang.reflect.Method.invoke(Method.java:498)
	at org.gradle.internal.dispatch.ReflectionDispatch.dispatch(ReflectionDispatch.java:35)
	at org.gradle.internal.dispatch.ReflectionDispatch.dispatch(ReflectionDispatch.java:24)
	at org.gradle.internal.dispatch.ContextClassLoaderDispatch.dispatch(ContextClassLoaderDispatch.java:32)
	at org.gradle.internal.dispatch.ProxyDispatchAdapter$DispatchingInvocationHandler.invoke(ProxyDispatchAdapter.java:93)
	at com.sun.proxy.$Proxy1.processTestClass(Unknown Source)
	at org.gradle.api.internal.tasks.testing.worker.TestWorker.processTestClass(TestWorker.java:109)
	at sun.reflect.NativeMethodAccessorImpl.invoke0(Native Method)
	at sun.reflect.NativeMethodAccessorImpl.invoke(NativeMethodAccessorImpl.java:62)
	at sun.reflect.DelegatingMethodAccessorImpl.invoke(DelegatingMethodAccessorImpl.java:43)
	at java.lang.reflect.Method.invoke(Method.java:498)
	at org.gradle.internal.dispatch.ReflectionDispatch.dispatch(ReflectionDispatch.java:35)
	at org.gradle.internal.dispatch.ReflectionDispatch.dispatch(ReflectionDispatch.java:24)
	at org.gradle.internal.remote.internal.hub.MessageHubBackedObjectConnection$DispatchWrapper.dispatch(MessageHubBackedObjectConnection.java:146)
	at org.gradle.internal.remote.internal.hub.MessageHubBackedObjectConnection$DispatchWrapper.dispatch(MessageHubBackedObjectConnection.java:128)
	at org.gradle.internal.remote.internal.hub.MessageHub$Handler.run(MessageHub.java:404)
	at org.gradle.internal.concurrent.ExecutorPolicy$CatchAndRecordFailures.onExecute(ExecutorPolicy.java:63)
	at org.gradle.internal.concurrent.ManagedExecutorImpl$1.run(ManagedExecutorImpl.java:46)
	at java.util.concurrent.ThreadPoolExecutor.runWorker(ThreadPoolExecutor.java:1142)
	at java.util.concurrent.ThreadPoolExecutor$Worker.run(ThreadPoolExecutor.java:617)
	at org.gradle.internal.concurrent.ThreadFactoryImpl$ManagedThreadRunnable.run(ThreadFactoryImpl.java:55)
	at java.lang.Thread.run(Thread.java:745)
Caused by: org.openqa.selenium.NoSuchElementException: Cannot locate an element using By.chained({By.id: net.one97.paytm:id/w_custom_dialog_message})
For documentation on this error, please visit: http://seleniumhq.org/exceptions/no_such_element.html
Build info: version: '3.5.3', revision: 'a88d25fe6b', time: '2017-08-29T12:42:44.417Z'
System info: host: 'MYNB244-6074Z72', ip: '169.254.30.55', os.name: 'Windows 7', os.arch: 'amd64', os.version: '6.1', java.version: '1.8.0_74'
Driver info: driver.version: AndroidDriver
	at io.appium.java_client.pagefactory.bys.builder.ByChained.findElement(ByChained.java:72)
	at org.openqa.selenium.remote.RemoteWebDriver.findElement(RemoteWebDriver.java:408)
	at io.appium.java_client.DefaultGenericMobileDriver.findElement(DefaultGenericMobileDriver.java:58)
	at io.appium.java_client.AppiumDriver.findElement(AppiumDriver.java:1)
	at io.appium.java_client.android.AndroidDriver.findElement(AndroidDriver.java:1)
	at io.appium.java_client.pagefactory.bys.ContentMappedBy.findElement(ContentMappedBy.java:36)
	at org.openqa.selenium.remote.RemoteWebDriver.findElement(RemoteWebDriver.java:408)
	at io.appium.java_client.DefaultGenericMobileDriver.findElement(DefaultGenericMobileDriver.java:58)
	at io.appium.java_client.AppiumDriver.findElement(AppiumDriver.java:1)
	at io.appium.java_client.android.AndroidDriver.findElement(AndroidDriver.java:1)
	at io.appium.java_client.pagefactory.AppiumElementLocator.lambda$0(AppiumElementLocator.java:113)
	at io.appium.java_client.pagefactory.AppiumElementLocator$WaitingFunction.apply(AppiumElementLocator.java:167)
	at io.appium.java_client.pagefactory.AppiumElementLocator$WaitingFunction.apply(AppiumElementLocator.java:1)
	at org.openqa.selenium.support.ui.FluentWait.until(FluentWait.java:209)
	... 86 more
</pre>
</span>
</div>
</div>
<div id="tab1" class="tab">
<h2>Tests</h2>
<table>
<thead>
<tr>
<th>Test</th>
<th>Duration</th>
<th>Result</th>
</tr>
</thead>
<tr>
<td class="skipped">And user click Ok button</td>
<td>-</td>
<td class="skipped">ignored</td>
</tr>
<tr>
<td class="success">And user click on create new account button2</td>
<td>0s</td>
<td class="success">passed</td>
</tr>
<tr>
<td class="success">And user hide keyboard</td>
<td>0s</td>
<td class="success">passed</td>
</tr>
<tr>
<td class="success">And user hide keyboard</td>
<td>0s</td>
<td class="success">passed</td>
</tr>
<tr>
<td class="success">And user wait for few seconds</td>
<td>0s</td>
<td class="success">passed</td>
</tr>
<tr>
<td class="success">And user wait for few seconds</td>
<td>0s</td>
<td class="success">passed</td>
</tr>
<tr>
<td class="success">And user wait for few seconds</td>
<td>0s</td>
<td class="success">passed</td>
</tr>
<tr>
<td class="success">Given user is on application homepage</td>
<td>0s</td>
<td class="success">passed</td>
</tr>
<tr>
<td class="failures">Then The validation message should be &quot;Such common passwords are not allowed.&quot;</td>
<td>0s</td>
<td class="failures">failed</td>
</tr>
<tr>
<td class="success">Then user should see &quot;My Orders&quot;</td>
<td>0s</td>
<td class="success">passed</td>
</tr>
<tr>
<td class="success">When user click on create a new account button1</td>
<td>0s</td>
<td class="success">passed</td>
</tr>
<tr>
<td class="success">When user clicks on login icon</td>
<td>0.001s</td>
<td class="success">passed</td>
</tr>
<tr>
<td class="success">When user enters mobile number &quot;9290927170&quot;</td>
<td>0s</td>
<td class="success">passed</td>
</tr>
<tr>
<td class="success">When user enters password &quot;abcde&quot;</td>
<td>0s</td>
<td class="success">passed</td>
</tr>
<tr>
<td class="failures">classMethod</td>
<td>1m12.95s</td>
<td class="failures">failed</td>
</tr>
</table>
</div>
<div id="tab2" class="tab">
<h2>Standard output</h2>
<span class="code">
<pre>[Appium] Welcome to Appium v1.7.1
[Appium] Appium REST http interface listener started on 0.0.0.0:4723
[HTTP] --&gt; GET /wd/hub/status {}
[debug] [MJSONWP] Calling AppiumDriver.getStatus() with args: []
[debug] [MJSONWP] Responding to client with driver.getStatus() result: {&quot;build&quot;:{&quot;version&quot;:&quot;1.7.1&quot;,&quot;revision&quot;:null}}
[HTTP] &lt;-- GET /wd/hub/status 200 41 ms - 83 
[HTTP] --&gt; GET /wd/hub/status {}
[debug] [MJSONWP] Calling AppiumDriver.getStatus() with args: []
[debug] [MJSONWP] Responding to client with driver.getStatus() result: {&quot;build&quot;:{&quot;version&quot;:&quot;1.7.1&quot;,&quot;revision&quot;:null}}
[HTTP] &lt;-- GET /wd/hub/status 200 37 ms - 83 
[HTTP] --&gt; POST /wd/hub/session {&quot;desiredCapabilities&quot;:{&quot;app&quot;:&quot;E:\\Documents\\workspace\\Paytm\\apk\\Paytm-net.one97.paytm-123-v6.0.0.apk&quot;,&quot;appPackage&quot;:&quot;net.one97.paytm&quot;,&quot;appActivity&quot;:&quot;net.one97.paytm.landingpage.activity.AJRMainActivity&quot;,&quot;noReset&quot;:true,&quot;platformVersion&quot;:&quot;7.1.1&quot;,&quot;browserName&quot;:&quot;&quot;,&quot;platformName&quot;:&quot;Android&quot;,&quot;deviceName&quot;:&quot;Emulator&quot;,&quot;fullReset&quot;:false},&quot;requiredCapabilities&quot;:{},&quot;capabilities&quot;:{&quot;desiredCapabilities&quot;:{&quot;app&quot;:&quot;E:\\Documents\\workspace\\Paytm\\apk\\Paytm-net.one97.paytm-123-v6.0.0.apk&quot;,&quot;appPackage&quot;:&quot;net.one97.paytm&quot;,&quot;appActivity&quot;:&quot;net.one97.paytm.landingpage.activity.AJRMainActivity&quot;,&quot;noReset&quot;:true,&quot;platformVersion&quot;:&quot;7.1.1&quot;,&quot;browserName&quot;:&quot;&quot;,&quot;platformName&quot;:&quot;Android&quot;,&quot;deviceName&quot;:&quot;Emulator&quot;,&quot;fullReset&quot;:false},&quot;requiredCapabilities&quot;:{},&quot;alwaysMatch&quot;:{&quot;browserName&quot;:&quot;&quot;,&quot;platformName&quot;:&quot;Android&quot;},&quot;firstMatch&quot;:[]}}
[debug] [MJSONWP] Calling AppiumDriver.createSession() with args: [{&quot;app&quot;:&quot;E:\\Documents\\workspace\\Paytm\\apk\\Paytm-net.one97.paytm-123-v6.0.0.apk&quot;,&quot;appPackage&quot;:&quot;net.one97.paytm&quot;,&quot;appActivity&quot;:&quot;net.one97.paytm.landingpage.activity.AJRMainActivity&quot;,&quot;noReset&quot;:true,&quot;platformVersion&quot;:&quot;7.1.1&quot;,&quot;browserName&quot;:&quot;&quot;,&quot;platformName&quot;:&quot;Android&quot;,&quot;deviceName&quot;:&quot;Emulator&quot;,&quot;fullReset&quot;:false},{},{&quot;desiredCapabilities&quot;:{&quot;app&quot;:&quot;E:\\Documents\\workspace\\Paytm\\apk\\Paytm-net.one97.paytm-123-v6.0.0.apk&quot;,&quot;appPackage&quot;:&quot;net.one97.paytm&quot;,&quot;appActivity&quot;:&quot;net.one97.paytm.landingpage.activity.AJRMainActivity&quot;,&quot;noReset&quot;:true,&quot;platformVersion&quot;:&quot;7.1.1&quot;,&quot;browserName&quot;:&quot;&quot;,&quot;platformName&quot;:&quot;Android&quot;,&quot;deviceName&quot;:&quot;Emulator&quot;,&quot;fullReset&quot;:false},&quot;requiredCapabilities&quot;:{},&quot;alwaysMatch&quot;:{&quot;browserName&quot;:&quot;&quot;,&quot;platformName&quot;:&quot;Android&quot;},&quot;firstMatch&quot;:[]}]
[debug] [BaseDriver] Event 'newSessionRequested' logged at 1507357278057 (14:21:18 GMT+0800 (Malay Peninsula Standard Time))
[Appium] Creating new AndroidDriver (v1.28.1) session
[Appium] Capabilities:
[Appium]   app: 'E:\\Documents\\workspace\\Paytm\\apk\\Paytm-net.one97.paytm-123-v6.0.0.apk'
[Appium]   appPackage: 'net.one97.paytm'
[Appium]   appActivity: 'net.one97.paytm.landingpage.activity.AJRMainActivity'
[Appium]   noReset: true
[Appium]   platformVersion: '7.1.1'
[Appium]   browserName: ''
[Appium]   platformName: 'Android'
[Appium]   deviceName: 'Emulator'
[Appium]   fullReset: false
[BaseDriver] Session created with session id: a103dc64-f731-4686-a1fe-f17fc0c05f3c
[debug] [AndroidDriver] Getting Java version
[AndroidDriver] Java version is: 1.8.0_144
[ADB] Checking whether adb is present
[ADB] Using adb.exe from E:\Android\android-sdk-windows\platform-tools\adb.exe
[AndroidDriver] Retrieving device list
[debug] [ADB] Trying to find a connected android device
[debug] [ADB] Getting connected devices...
[debug] [ADB] 1 device(s) connected
[AndroidDriver] Looking for a device with Android '7.1.1'
[debug] [ADB] Setting device id to emulator-5554
[ADB] Getting device platform version
[debug] [ADB] Getting connected devices...
[debug] [ADB] 1 device(s) connected
[debug] [ADB] Running 'E:\Android\android-sdk-windows\platform-tools\adb.exe' with args: [&quot;-P&quot;,5037,&quot;-s&quot;,&quot;emulator-5554&quot;,&quot;shell&quot;,&quot;getprop&quot;,&quot;ro.build.version.release&quot;]
[debug] [ADB] Current device property 'ro.build.version.release': 7.1.1
[AndroidDriver] Using device: emulator-5554
[ADB] Checking whether adb is present
[ADB] Using adb.exe from E:\Android\android-sdk-windows\platform-tools\adb.exe
[debug] [ADB] Setting device id to emulator-5554
[BaseDriver] Using local app 'E:\Documents\workspace\Paytm\apk\Paytm-net.one97.paytm-123-v6.0.0.apk'
[debug] [AndroidDriver] Checking whether app is actually present
[AndroidDriver] Starting Android session
[debug] [ADB] Running 'E:\Android\android-sdk-windows\platform-tools\adb.exe' with args: [&quot;-P&quot;,5037,&quot;-s&quot;,&quot;emulator-5554&quot;,&quot;wait-for-device&quot;]
[debug] [ADB] Getting connected devices...
[debug] [ADB] 1 device(s) connected
[debug] [ADB] Running 'E:\Android\android-sdk-windows\platform-tools\adb.exe' with args: [&quot;-P&quot;,5037,&quot;-s&quot;,&quot;emulator-5554&quot;,&quot;shell&quot;,&quot;echo&quot;,&quot;ping&quot;]
[debug] [Logcat] Starting logcat capture
[debug] [AndroidDriver] Pushing settings apk to device...
[debug] [ADB] Uninstalling and re-installing 'io.appium.settings'
[debug] [ADB] Uninstalling io.appium.settings
[debug] [ADB] Getting install status for io.appium.settings
[debug] [ADB] Getting connected devices...
[debug] [ADB] 1 device(s) connected
[debug] [ADB] Running 'E:\Android\android-sdk-windows\platform-tools\adb.exe' with args: [&quot;-P&quot;,5037,&quot;-s&quot;,&quot;emulator-5554&quot;,&quot;shell&quot;,&quot;pm&quot;,&quot;list&quot;,&quot;packages&quot;,&quot;io.appium.settings&quot;]
[debug] [ADB] App is installed
[debug] [ADB] Getting connected devices...
[debug] [ADB] 1 device(s) connected
[debug] [ADB] Running 'E:\Android\android-sdk-windows\platform-tools\adb.exe' with args: [&quot;-P&quot;,5037,&quot;-s&quot;,&quot;emulator-5554&quot;,&quot;shell&quot;,&quot;am&quot;,&quot;force-stop&quot;,&quot;io.appium.settings&quot;]
[debug] [ADB] Running 'E:\Android\android-sdk-windows\platform-tools\adb.exe' with args: [&quot;-P&quot;,5037,&quot;-s&quot;,&quot;emulator-5554&quot;,&quot;uninstall&quot;,&quot;io.appium.settings&quot;]
[debug] [ADB] ADB command output: Success
[ADB] io.appium.settings was successfully uninstalled
[debug] [ADB] Getting install status for io.appium.settings
[debug] [ADB] Getting connected devices...
[debug] [ADB] 1 device(s) connected
[debug] [ADB] Running 'E:\Android\android-sdk-windows\platform-tools\adb.exe' with args: [&quot;-P&quot;,5037,&quot;-s&quot;,&quot;emulator-5554&quot;,&quot;shell&quot;,&quot;pm&quot;,&quot;list&quot;,&quot;packages&quot;,&quot;io.appium.settings&quot;]
[debug] [ADB] App is not installed
[debug] [ADB] App 'C:\Users\vinayak\AppData\Roaming\npm\node_modules\appium\node_modules\io.appium.settings\app\build\outputs\apk\settings_apk-debug.apk' not installed. Installing
[debug] [ADB] Running 'E:\Android\android-sdk-windows\platform-tools\adb.exe' with args: [&quot;-P&quot;,5037,&quot;-s&quot;,&quot;emulator-5554&quot;,&quot;install&quot;,&quot;C:\\Users\\vinayak\\AppData\\Roaming\\npm\\node_modules\\appium\\node_modules\\io.appium.settings\\app\\build\\outputs\\apk\\settings_apk-debug.apk&quot;]
[debug] [ADB] Getting connected devices...
[debug] [ADB] 1 device(s) connected
[debug] [ADB] Running 'E:\Android\android-sdk-windows\platform-tools\adb.exe' with args: [&quot;-P&quot;,5037,&quot;-s&quot;,&quot;emulator-5554&quot;,&quot;shell&quot;,&quot;getprop&quot;,&quot;ro.build.version.sdk&quot;]
[debug] [ADB] Current device property 'ro.build.version.sdk': 25
[debug] [ADB] Device API level: 25
[debug] [ADB] Getting connected devices...
[debug] [ADB] 1 device(s) connected
[debug] [ADB] Running 'E:\Android\android-sdk-windows\platform-tools\adb.exe' with args: [&quot;-P&quot;,5037,&quot;-s&quot;,&quot;emulator-5554&quot;,&quot;shell&quot;,&quot;dumpsys&quot;,&quot;package&quot;,&quot;io.appium.settings&quot;]
[debug] [ADB] Getting connected devices...
[debug] [ADB] 1 device(s) connected
[debug] [ADB] Running 'E:\Android\android-sdk-windows\platform-tools\adb.exe' with args: [&quot;-P&quot;,5037,&quot;-s&quot;,&quot;emulator-5554&quot;,&quot;shell&quot;,&quot;pm&quot;,&quot;dump&quot;,&quot;io.appium.settings&quot;]
[debug] [ADB] Got the following command chunks to execute: pm,grant,io.appium.settings,android.permission.READ_PHONE_STATE,;,pm,grant,io.appium.settings,android.permission.WRITE_SETTINGS,;,pm,grant,io.appium.settings,android.permission.ACCESS_FINE_LOCATION,;,pm,grant,io.appium.settings,android.permission.ACCESS_COARSE_LOCATION,;,pm,grant,io.appium.settings,android.permission.ACCESS_MOCK_LOCATION,;,pm,grant,io.appium.settings,android.permission.SET_ANIMATION_SCALE,;
[debug] [ADB] Getting connected devices...
[debug] [ADB] 1 device(s) connected
[debug] [ADB] Running 'E:\Android\android-sdk-windows\platform-tools\adb.exe' with args: [&quot;-P&quot;,5037,&quot;-s&quot;,&quot;emulator-5554&quot;,&quot;shell&quot;,&quot;pm&quot;,&quot;grant&quot;,&quot;io.appium.settings&quot;,&quot;android.permission.READ_PHONE_STATE&quot;,&quot;;&quot;,&quot;pm&quot;,&quot;grant&quot;,&quot;io.appium.settings&quot;,&quot;android.permission.WRITE_SETTINGS&quot;,&quot;;&quot;,&quot;pm&quot;,&quot;grant&quot;,&quot;io.appium.settings&quot;,&quot;android.permission.ACCESS_FINE_LOCATION&quot;,&quot;;&quot;,&quot;pm&quot;,&quot;grant&quot;,&quot;io.appium.settings&quot;,&quot;android.permission.ACCESS_COARSE_LOCATION&quot;,&quot;;&quot;,&quot;pm&quot;,&quot;grant&quot;,&quot;io.appium.settings&quot;,&quot;android.permission.ACCESS_MOCK_LOCATION&quot;,&quot;;&quot;,&quot;pm&quot;,&quot;grant&quot;,&quot;io.appium.settings&quot;,&quot;android.permission.SET_ANIMATION_SCALE&quot;,&quot;;&quot;]
[debug] [ADB] Getting connected devices...
[debug] [ADB] 1 device(s) connected
[debug] [ADB] Running 'E:\Android\android-sdk-windows\platform-tools\adb.exe' with args: [&quot;-P&quot;,5037,&quot;-s&quot;,&quot;emulator-5554&quot;,&quot;shell&quot;,&quot;ps&quot;]
[debug] [ADB] Device API level: 25
[debug] [ADB] Getting connected devices...
[debug] [ADB] 1 device(s) connected
[debug] [ADB] Running 'E:\Android\android-sdk-windows\platform-tools\adb.exe' with args: [&quot;-P&quot;,5037,&quot;-s&quot;,&quot;emulator-5554&quot;,&quot;shell&quot;,&quot;am&quot;,&quot;start&quot;,&quot;-W&quot;,&quot;-n&quot;,&quot;io.appium.settings/.Settings&quot;,&quot;-a&quot;,&quot;android.intent.action.MAIN&quot;,&quot;-c&quot;,&quot;android.intent.category.LAUNCHER&quot;,&quot;-f&quot;,&quot;0x10200000&quot;]
[debug] [ADB] Device API level: 25
[debug] [ADB] Getting connected devices...
[debug] [ADB] 1 device(s) connected
[debug] [ADB] Running 'E:\Android\android-sdk-windows\platform-tools\adb.exe' with args: [&quot;-P&quot;,5037,&quot;-s&quot;,&quot;emulator-5554&quot;,&quot;shell&quot;,&quot;appops&quot;,&quot;set&quot;,&quot;io.appium.settings&quot;,&quot;android:mock_location&quot;,&quot;allow&quot;]
[debug] [AndroidDriver] Pushing unlock helper app to device...
[debug] [ADB] Running 'E:\Android\android-sdk-windows\platform-tools\adb.exe' with args: [&quot;-P&quot;,5037,&quot;-s&quot;,&quot;emulator-5554&quot;,&quot;install&quot;,&quot;C:\\Users\\vinayak\\AppData\\Roaming\\npm\\node_modules\\appium\\node_modules\\appium-unlock\\bin\\unlock_apk-debug.apk&quot;]
[debug] [ADB] Running 'E:\Android\android-sdk-windows\platform-tools\adb.exe' with args: [&quot;-P&quot;,5037,&quot;-s&quot;,&quot;emulator-5554&quot;,&quot;install&quot;,&quot;C:\\Users\\vinayak\\AppData\\Roaming\\npm\\node_modules\\appium\\node_modules\\appium-unlock\\bin\\unlock_apk-debug.apk&quot;]
[debug] [ADB] Application 'C:\Users\vinayak\AppData\Roaming\npm\node_modules\appium\node_modules\appium-unlock\bin\unlock_apk-debug.apk' already installed. Continuing.
[ADB] Getting device platform version
[debug] [ADB] Getting connected devices...
[debug] [ADB] 1 device(s) connected
[debug] [ADB] Running 'E:\Android\android-sdk-windows\platform-tools\adb.exe' with args: [&quot;-P&quot;,5037,&quot;-s&quot;,&quot;emulator-5554&quot;,&quot;shell&quot;,&quot;getprop&quot;,&quot;ro.build.version.release&quot;]
[debug] [ADB] Current device property 'ro.build.version.release': 7.1.1
[debug] [ADB] Getting connected devices...
[debug] [ADB] 1 device(s) connected
[debug] [ADB] Running 'E:\Android\android-sdk-windows\platform-tools\adb.exe' with args: [&quot;-P&quot;,5037,&quot;-s&quot;,&quot;emulator-5554&quot;,&quot;shell&quot;,&quot;wm&quot;,&quot;size&quot;]
[debug] [ADB] Getting connected devices...
[debug] [ADB] 1 device(s) connected
[debug] [ADB] Running 'E:\Android\android-sdk-windows\platform-tools\adb.exe' with args: [&quot;-P&quot;,5037,&quot;-s&quot;,&quot;emulator-5554&quot;,&quot;shell&quot;,&quot;getprop&quot;,&quot;ro.product.model&quot;]
[debug] [ADB] Current device property 'ro.product.model': Android SDK built for x86
[debug] [ADB] Getting connected devices...
[debug] [ADB] 1 device(s) connected
[debug] [ADB] Running 'E:\Android\android-sdk-windows\platform-tools\adb.exe' with args: [&quot;-P&quot;,5037,&quot;-s&quot;,&quot;emulator-5554&quot;,&quot;shell&quot;,&quot;getprop&quot;,&quot;ro.product.manufacturer&quot;]
[debug] [ADB] Current device property 'ro.product.manufacturer': unknown
[AndroidDriver] Remote apk path is /data/local/tmp/336c5c171fb15925aa6266acba19e015.apk
[debug] [ADB] Getting connected devices...
[debug] [ADB] 1 device(s) connected
[debug] [ADB] Running 'E:\Android\android-sdk-windows\platform-tools\adb.exe' with args: [&quot;-P&quot;,5037,&quot;-s&quot;,&quot;emulator-5554&quot;,&quot;shell&quot;,&quot;ls&quot;,&quot;/data/local/tmp/336c5c171fb15925aa6266acba19e015.apk&quot;]
[debug] [AndroidDriver] Checking if app is installed
[debug] [ADB] Getting install status for net.one97.paytm
[debug] [ADB] Getting connected devices...
[debug] [ADB] 1 device(s) connected
[debug] [ADB] Running 'E:\Android\android-sdk-windows\platform-tools\adb.exe' with args: [&quot;-P&quot;,5037,&quot;-s&quot;,&quot;emulator-5554&quot;,&quot;shell&quot;,&quot;pm&quot;,&quot;list&quot;,&quot;packages&quot;,&quot;net.one97.paytm&quot;]
[debug] [ADB] App is installed
[debug] [AndroidDriver] Extracting strings from apk E:\Documents\workspace\Paytm\apk\Paytm-net.one97.paytm-123-v6.0.0.apk null C:\Users\vinayak\AppData\Local\Temp\net.one97.paytm
[debug] [ADB] Extracting strings for language: default
[debug] [ADB] Device API level: 25
[debug] [ADB] Getting connected devices...
[debug] [ADB] 1 device(s) connected
[debug] [ADB] Running 'E:\Android\android-sdk-windows\platform-tools\adb.exe' with args: [&quot;-P&quot;,5037,&quot;-s&quot;,&quot;emulator-5554&quot;,&quot;shell&quot;,&quot;getprop&quot;,&quot;persist.sys.locale&quot;]
[debug] [ADB] Current device property 'persist.sys.locale': 
[debug] [ADB] Getting connected devices...
[debug] [ADB] 1 device(s) connected
[debug] [ADB] Running 'E:\Android\android-sdk-windows\platform-tools\adb.exe' with args: [&quot;-P&quot;,5037,&quot;-s&quot;,&quot;emulator-5554&quot;,&quot;shell&quot;,&quot;getprop&quot;,&quot;ro.product.locale&quot;]
[debug] [ADB] Current device property 'ro.product.locale': en-US
[debug] [ADB] No strings.xml for language 'en', getting default strings.xml
[debug] [ADB] Reading strings from converted strings.json
[debug] [ADB] Running 'E:\Android\android-sdk-windows\platform-tools\adb.exe' with args: [&quot;-P&quot;,5037,&quot;-s&quot;,&quot;emulator-5554&quot;,&quot;push&quot;,&quot;C:\\Users\\vinayak\\AppData\\Local\\Temp\\net.one97.paytm\\strings.json&quot;,&quot;/data/local/tmp&quot;]
[debug] [AndroidBootstrap] Watching for bootstrap disconnect
[debug] [ADB] Forwarding system: 4724 to device: 4724
[debug] [ADB] Running 'E:\Android\android-sdk-windows\platform-tools\adb.exe' with args: [&quot;-P&quot;,5037,&quot;-s&quot;,&quot;emulator-5554&quot;,&quot;forward&quot;,&quot;tcp:4724&quot;,&quot;tcp:4724&quot;]
[debug] [UiAutomator] Starting UiAutomator
[debug] [UiAutomator] Moving to state 'starting'
[debug] [UiAutomator] Parsing uiautomator jar
[debug] [UiAutomator] Found jar name: 'AppiumBootstrap.jar'
[debug] [ADB] Running 'E:\Android\android-sdk-windows\platform-tools\adb.exe' with args: [&quot;-P&quot;,5037,&quot;-s&quot;,&quot;emulator-5554&quot;,&quot;push&quot;,&quot;C:\\Users\\vinayak\\AppData\\Roaming\\npm\\node_modules\\appium\\node_modules\\appium-android-bootstrap\\bootstrap\\bin\\AppiumBootstrap.jar&quot;,&quot;/data/local/tmp/&quot;]
[debug] [ADB] Attempting to kill all uiautomator processes
[debug] [ADB] Getting all processes with uiautomator
[debug] [ADB] Getting connected devices...
[debug] [ADB] 1 device(s) connected
[debug] [ADB] Running 'E:\Android\android-sdk-windows\platform-tools\adb.exe' with args: [&quot;-P&quot;,5037,&quot;-s&quot;,&quot;emulator-5554&quot;,&quot;shell&quot;,&quot;ps&quot;]
[ADB] No uiautomator process found to kill, continuing...
[debug] [UiAutomator] Starting UIAutomator
[debug] [ADB] Creating ADB subprocess with args: [&quot;-P&quot;,5037,&quot;-s&quot;,&quot;emulator-5554&quot;,&quot;shell&quot;,&quot;uiautomator&quot;,&quot;runtest&quot;,&quot;AppiumBootstrap.jar&quot;,&quot;-c&quot;,&quot;io.appium.android.bootstrap.Bootstrap&quot;,&quot;-e&quot;,&quot;pkg&quot;,&quot;net.one97.paytm&quot;,&quot;-e&quot;,&quot;disableAndroidWatchers&quot;,false,&quot;-e&quot;,&quot;acceptSslCerts&quot;,false]
[debug] [UiAutomator] Moving to state 'online'
[AndroidBootstrap] Android bootstrap socket is now connected
[debug] [ADB] Getting connected devices...
[debug] [ADB] 1 device(s) connected
[debug] [ADB] Running 'E:\Android\android-sdk-windows\platform-tools\adb.exe' with args: [&quot;-P&quot;,5037,&quot;-s&quot;,&quot;emulator-5554&quot;,&quot;shell&quot;,&quot;dumpsys&quot;,&quot;window&quot;]
[debug] [AndroidBootstrap] [BOOTSTRAP LOG] [debug] json loading complete.
[debug] [AndroidBootstrap] [BOOTSTRAP LOG] [debug] Registered crash watchers.
[debug] [AndroidBootstrap] [BOOTSTRAP LOG] [debug] Client connected
[AndroidDriver] Screen already unlocked, doing nothing
[debug] [ADB] Device API level: 25
[debug] [ADB] Getting connected devices...
[debug] [ADB] 1 device(s) connected
[debug] [ADB] Running 'E:\Android\android-sdk-windows\platform-tools\adb.exe' with args: [&quot;-P&quot;,5037,&quot;-s&quot;,&quot;emulator-5554&quot;,&quot;shell&quot;,&quot;am&quot;,&quot;start&quot;,&quot;-W&quot;,&quot;-n&quot;,&quot;net.one97.paytm/net.one97.paytm.landingpage.activity.AJRMainActivity&quot;,&quot;-S&quot;,&quot;-a&quot;,&quot;android.intent.action.MAIN&quot;,&quot;-c&quot;,&quot;android.intent.category.LAUNCHER&quot;,&quot;-f&quot;,&quot;0x10200000&quot;]
[Appium] New AndroidDriver session created successfully, session a103dc64-f731-4686-a1fe-f17fc0c05f3c added to master session list
[debug] [BaseDriver] Event 'newSessionStarted' logged at 1507357295604 (14:21:35 GMT+0800 (Malay Peninsula Standard Time))
[debug] [MJSONWP] Responding to client with driver.createSession() result: {&quot;platform&quot;:&quot;LINUX&quot;,&quot;webStorageEnabled&quot;:false,&quot;takesScreenshot&quot;:true,&quot;javascriptEnabled&quot;:true,&quot;databaseEnabled&quot;:false,&quot;networkConnectionEnabled&quot;:true,&quot;locationContextEnabled&quot;:false,&quot;warnings&quot;:{},&quot;desired&quot;:{&quot;app&quot;:&quot;E:\\Documents\\workspace\\Paytm\\apk\\Paytm-net.one97.paytm-123-v6.0.0.apk&quot;,&quot;appPackage&quot;:&quot;net.one97.paytm&quot;,&quot;appActivity&quot;:&quot;net.one97.paytm.landingpage.activity.AJRMainActivity&quot;,&quot;noReset&quot;:true,&quot;platformVersion&quot;:&quot;7.1.1&quot;,&quot;browserName&quot;:&quot;&quot;,&quot;platformName&quot;:&quot;Android&quot;,&quot;deviceName&quot;:&quot;Emulator&quot;,&quot;fullReset&quot;:false},&quot;app&quot;:&quot;E:\\Documents\\workspace\\Paytm\\apk\\Paytm-net.one97.paytm-123-v6.0.0.apk&quot;,&quot;appPackage&quot;:&quot;net.one97.paytm&quot;,&quot;appActivity&quot;:&quot;net.one97.paytm.landingpage.activity.AJRMainActivity&quot;,&quot;noReset&quot;:true,&quot;platformVersion&quot;:&quot;7.1.1&quot;,&quot;browserName&quot;:&quot;&quot;,&quot;platformName&quot;:&quot;Android&quot;,&quot;deviceName&quot;:&quot;emulator-5554&quot;,&quot;fullReset&quot;:false,&quot;deviceUDID&quot;:&quot;emulator-5554&quot;,&quot;deviceScreenSize&quot;:&quot;1440x2560&quot;,&quot;deviceModel&quot;:&quot;Android SDK built for x86&quot;,&quot;deviceManufacturer&quot;:&quot;unknown&quot;}
[HTTP] &lt;-- POST /wd/hub/session 200 17548 ms - 1033 
[HTTP] --&gt; GET /wd/hub/session/a103dc64-f731-4686-a1fe-f17fc0c05f3c {}
[debug] [MJSONWP] Calling AppiumDriver.getSession() with args: [&quot;a103dc64-f731-4686-a1fe-f17fc0c05f3c&quot;]
[debug] [MJSONWP] Responding to client with driver.getSession() result: {&quot;platform&quot;:&quot;LINUX&quot;,&quot;webStorageEnabled&quot;:false,&quot;takesScreenshot&quot;:true,&quot;javascriptEnabled&quot;:true,&quot;databaseEnabled&quot;:false,&quot;networkConnectionEnabled&quot;:true,&quot;locationContextEnabled&quot;:false,&quot;warnings&quot;:{},&quot;desired&quot;:{&quot;app&quot;:&quot;E:\\Documents\\workspace\\Paytm\\apk\\Paytm-net.one97.paytm-123-v6.0.0.apk&quot;,&quot;appPackage&quot;:&quot;net.one97.paytm&quot;,&quot;appActivity&quot;:&quot;net.one97.paytm.landingpage.activity.AJRMainActivity&quot;,&quot;noReset&quot;:true,&quot;platformVersion&quot;:&quot;7.1.1&quot;,&quot;browserName&quot;:&quot;&quot;,&quot;platformName&quot;:&quot;Android&quot;,&quot;deviceName&quot;:&quot;Emulator&quot;,&quot;fullReset&quot;:false},&quot;app&quot;:&quot;E:\\Documents\\workspace\\Paytm\\apk\\Paytm-net.one97.paytm-123-v6.0.0.apk&quot;,&quot;appPackage&quot;:&quot;net.one97.paytm&quot;,&quot;appActivity&quot;:&quot;net.one97.paytm.landingpage.activity.AJRMainActivity&quot;,&quot;noReset&quot;:true,&quot;platformVersion&quot;:&quot;7.1.1&quot;,&quot;browserName&quot;:&quot;&quot;,&quot;platformName&quot;:&quot;Android&quot;,&quot;deviceName&quot;:&quot;emulator-5554&quot;,&quot;fullReset&quot;:false,&quot;deviceUDID&quot;:&quot;emulator-5554&quot;,&quot;deviceScreenSize&quot;:&quot;1440x2560&quot;,&quot;deviceModel&quot;:&quot;Android SDK built for x86&quot;,&quot;deviceManufacturer&quot;:&quot;unknown&quot;}
[HTTP] &lt;-- GET /wd/hub/session/a103dc64-f731-4686-a1fe-f17fc0c05f3c 200 5 ms - 1033 
[HTTP] --&gt; GET /wd/hub/session/a103dc64-f731-4686-a1fe-f17fc0c05f3c {}
[debug] [MJSONWP] Calling AppiumDriver.getSession() with args: [&quot;a103dc64-f731-4686-a1fe-f17fc0c05f3c&quot;]
[debug] [MJSONWP] Responding to client with driver.getSession() result: {&quot;platform&quot;:&quot;LINUX&quot;,&quot;webStorageEnabled&quot;:false,&quot;takesScreenshot&quot;:true,&quot;javascriptEnabled&quot;:true,&quot;databaseEnabled&quot;:false,&quot;networkConnectionEnabled&quot;:true,&quot;locationContextEnabled&quot;:false,&quot;warnings&quot;:{},&quot;desired&quot;:{&quot;app&quot;:&quot;E:\\Documents\\workspace\\Paytm\\apk\\Paytm-net.one97.paytm-123-v6.0.0.apk&quot;,&quot;appPackage&quot;:&quot;net.one97.paytm&quot;,&quot;appActivity&quot;:&quot;net.one97.paytm.landingpage.activity.AJRMainActivity&quot;,&quot;noReset&quot;:true,&quot;platformVersion&quot;:&quot;7.1.1&quot;,&quot;browserName&quot;:&quot;&quot;,&quot;platformName&quot;:&quot;Android&quot;,&quot;deviceName&quot;:&quot;Emulator&quot;,&quot;fullReset&quot;:false},&quot;app&quot;:&quot;E:\\Documents\\workspace\\Paytm\\apk\\Paytm-net.one97.paytm-123-v6.0.0.apk&quot;,&quot;appPackage&quot;:&quot;net.one97.paytm&quot;,&quot;appActivity&quot;:&quot;net.one97.paytm.landingpage.activity.AJRMainActivity&quot;,&quot;noReset&quot;:true,&quot;platformVersion&quot;:&quot;7.1.1&quot;,&quot;browserName&quot;:&quot;&quot;,&quot;platformName&quot;:&quot;Android&quot;,&quot;deviceName&quot;:&quot;emulator-5554&quot;,&quot;fullReset&quot;:false,&quot;deviceUDID&quot;:&quot;emulator-5554&quot;,&quot;deviceScreenSize&quot;:&quot;1440x2560&quot;,&quot;deviceModel&quot;:&quot;Android SDK built for x86&quot;,&quot;deviceManufacturer&quot;:&quot;unknown&quot;}
[HTTP] &lt;-- GET /wd/hub/session/a103dc64-f731-4686-a1fe-f17fc0c05f3c 200 6 ms - 1033 
[HTTP] --&gt; POST /wd/hub/session/a103dc64-f731-4686-a1fe-f17fc0c05f3c/timeouts {&quot;type&quot;:&quot;implicit&quot;,&quot;ms&quot;:10000}
[debug] [MJSONWP] Calling AppiumDriver.timeouts() with args: [&quot;implicit&quot;,10000,&quot;a103dc64-f731-4686-a1fe-f17fc0c05f3c&quot;]
[debug] [BaseDriver] Set implicit wait to 10000ms
[debug] [MJSONWP] Responding to client with driver.timeouts() result: null
[HTTP] &lt;-- POST /wd/hub/session/a103dc64-f731-4686-a1fe-f17fc0c05f3c/timeouts 200 3 ms - 76 
[HTTP] --&gt; POST /wd/hub/session/a103dc64-f731-4686-a1fe-f17fc0c05f3c/elements {&quot;using&quot;:&quot;xpath&quot;,&quot;value&quot;:&quot;//*[@text='Here is your new Paytm Payments Bank']&quot;}
[debug] [MJSONWP] Calling AppiumDriver.findElements() with args: [&quot;xpath&quot;,&quot;//*[@text='Here is your new Paytm Payments Bank']&quot;,&quot;a103dc64-f731-4686-a1fe-f17fc0c05f3c&quot;]
[debug] [BaseDriver] Valid locator strategies for this request: xpath, id, class name, accessibility id, -android uiautomator
[debug] [BaseDriver] Valid locator strategies for this request: xpath, id, class name, accessibility id, -android uiautomator
[debug] [BaseDriver] Waiting up to 10000 ms for condition
[debug] [AndroidBootstrap] Sending command to android: {&quot;cmd&quot;:&quot;action&quot;,&quot;action&quot;:&quot;find&quot;,&quot;params&quot;:{&quot;strategy&quot;:&quot;xpath&quot;,&quot;selector&quot;:&quot;//*[@text='Here is your new Paytm Payments Bank']&quot;,&quot;context&quot;:&quot;&quot;,&quot;multiple&quot;:true}}
[debug] [AndroidBootstrap] [BOOTSTRAP LOG] [debug] Got data from client: {&quot;cmd&quot;:&quot;action&quot;,&quot;action&quot;:&quot;find&quot;,&quot;params&quot;:{&quot;strategy&quot;:&quot;xpath&quot;,&quot;selector&quot;:&quot;//*[@text='Here is your new Paytm Payments Bank']&quot;,&quot;context&quot;:&quot;&quot;,&quot;multiple&quot;:true}}
[debug] [AndroidBootstrap] [BOOTSTRAP LOG] [debug] Got command of type ACTION
[debug] [AndroidBootstrap] [BOOTSTRAP LOG] [debug] Got command action: find
[debug] [AndroidBootstrap] [BOOTSTRAP LOG] [debug] Finding '//*[@text='Here is your new Paytm Payments Bank']' using 'XPATH' with the contextId: '' multiple: true
[debug] [AndroidBootstrap] [BOOTSTRAP LOG] [debug] Failed to locate element. Clearing Accessibility cache and retrying.
[debug] [AndroidBootstrap] [BOOTSTRAP LOG] [debug] Finding '//*[@text='Here is your new Paytm Payments Bank']' using 'XPATH' with the contextId: '' multiple: true
[debug] [AndroidBootstrap] [BOOTSTRAP LOG] [debug] Returning result: {&quot;status&quot;:0,&quot;value&quot;:[]}
[debug] [AndroidBootstrap] Received command result from bootstrap
[debug] [BaseDriver] Waited for 786 ms so far
[debug] [AndroidBootstrap] Sending command to android: {&quot;cmd&quot;:&quot;action&quot;,&quot;action&quot;:&quot;find&quot;,&quot;params&quot;:{&quot;strategy&quot;:&quot;xpath&quot;,&quot;selector&quot;:&quot;//*[@text='Here is your new Paytm Payments Bank']&quot;,&quot;context&quot;:&quot;&quot;,&quot;multiple&quot;:true}}
[debug] [AndroidBootstrap] [BOOTSTRAP LOG] [debug] Got data from client: {&quot;cmd&quot;:&quot;action&quot;,&quot;action&quot;:&quot;find&quot;,&quot;params&quot;:{&quot;strategy&quot;:&quot;xpath&quot;,&quot;selector&quot;:&quot;//*[@text='Here is your new Paytm Payments Bank']&quot;,&quot;context&quot;:&quot;&quot;,&quot;multiple&quot;:true}}
[debug] [AndroidBootstrap] [BOOTSTRAP LOG] [debug] Got command of type ACTION
[debug] [AndroidBootstrap] [BOOTSTRAP LOG] [debug] Got command action: find
[debug] [AndroidBootstrap] [BOOTSTRAP LOG] [debug] Finding '//*[@text='Here is your new Paytm Payments Bank']' using 'XPATH' with the contextId: '' multiple: true
[debug] [AndroidBootstrap] [BOOTSTRAP LOG] [debug] Using: UiSelector[CLASS=android.widget.TextView, INSTANCE=0]
[debug] [AndroidBootstrap] [BOOTSTRAP LOG] [debug] getElements selector:UiSelector[CLASS=android.widget.TextView, INSTANCE=0]
[debug] [AndroidBootstrap] [BOOTSTRAP LOG] [debug] Selector ends with instance.
[debug] [AndroidBootstrap] [BOOTSTRAP LOG] [debug] Returning result: {&quot;status&quot;:0,&quot;value&quot;:[{&quot;ELEMENT&quot;:&quot;1&quot;}]}
[debug] [AndroidBootstrap] Received command result from bootstrap
[debug] [MJSONWP] Responding to client with driver.findElements() result: [{&quot;ELEMENT&quot;:&quot;1&quot;}]
[HTTP] &lt;-- POST /wd/hub/session/a103dc64-f731-4686-a1fe-f17fc0c05f3c/elements 200 1929 ms - 89 
</pre>
</span>
</div>
<div id="tab3" class="tab">
<h2>Standard error</h2>
<span class="code">
<pre>Oct 07, 2017 2:21:35 PM org.openqa.selenium.remote.ProtocolHandshake createSession
INFO: Detected dialect: OSS
</pre>
</span>
</div>
</div>
<div id="footer">
<p>
<div>
<label class="hidden" id="label-for-line-wrapping-toggle" for="line-wrapping-toggle">Wrap lines
<input id="line-wrapping-toggle" type="checkbox" autocomplete="off"/>
</label>
</div>Generated by 
<a href="http://www.gradle.org">Gradle 4.1</a> at Oct 7, 2017 2:24:44 PM</p>
</div>
</div>
</body>
</html>
